[      22ms] [ERROR] The Content Security Policy directive 'frame-ancestors' is ignored when delivered via a <meta> element. @ http://localhost:3333/:14
[     293ms] [WARNING] <meta name="apple-mobile-web-app-capable" content="yes"> is deprecated. Please include <meta name="mobile-web-app-capable" content="yes"> @ http://localhost:3333/:0
[   23913ms] [ERROR] The Content Security Policy directive 'frame-ancestors' is ignored when delivered via a <meta> element. @ http://localhost:3333/:14
[   24037ms] [WARNING] <meta name="apple-mobile-web-app-capable" content="yes"> is deprecated. Please include <meta name="mobile-web-app-capable" content="yes"> @ http://localhost:3333/:0
[   26536ms] [ERROR] The Content Security Policy directive 'frame-ancestors' is ignored when delivered via a <meta> element. @ http://localhost:3333/assets/js/main.523aa1de.js:1
[   84839ms] [ERROR] Failed to load resource: the server responded with a status of 404 (Not Found) @ http://localhost:3333/assets/js/22a10c3d.2178dfda.js:0
[   84892ms] ChunkLoadError: Loading chunk 9631 failed.
(error: http://localhost:3333/assets/js/22a10c3d.2178dfda.js)
    at t.f.j (http://localhost:3333/assets/js/runtime~main.579c30ab.js:1:11888)
    at http://localhost:3333/assets/js/runtime~main.579c30ab.js:1:1237
    at Array.reduce (<anonymous>)
    at t.e (http://localhost:3333/assets/js/runtime~main.579c30ab.js:1:1216)
    at i.22a10c3d (http://localhost:3333/assets/js/main.523aa1de.js:2:439386)
    at d (http://localhost:3333/assets/js/main.523aa1de.js:2:308719)
    at http://localhost:3333/assets/js/main.523aa1de.js:2:308989
    at Array.forEach (<anonymous>)
    at p (http://localhost:3333/assets/js/main.523aa1de.js:2:308963)
    at h (http://localhost:3333/assets/js/main.523aa1de.js:2:309599)
[   85111ms] [ERROR] Failed to load resource: the server responded with a status of 404 (Not Found) @ http://localhost:3333/assets/js/dcf9aa19.84e816a5.js:0
[   85127ms] ChunkLoadError: Loading chunk 5927 failed.
(error: http://localhost:3333/assets/js/dcf9aa19.84e816a5.js)
    at t.f.j (http://localhost:3333/assets/js/runtime~main.579c30ab.js:1:11888)
    at http://localhost:3333/assets/js/runtime~main.579c30ab.js:1:1237
    at Array.reduce (<anonymous>)
    at t.e (http://localhost:3333/assets/js/runtime~main.579c30ab.js:1:1216)
    at i.dcf9aa19 (http://localhost:3333/assets/js/main.523aa1de.js:2:454693)
    at d (http://localhost:3333/assets/js/main.523aa1de.js:2:308719)
    at http://localhost:3333/assets/js/main.523aa1de.js:2:308989
    at Array.forEach (<anonymous>)
    at p (http://localhost:3333/assets/js/main.523aa1de.js:2:308963)
    at h (http://localhost:3333/assets/js/main.523aa1de.js:2:309599)
[   85133ms] [ERROR] Failed to load resource: the server responded with a status of 404 (Not Found) @ http://localhost:3333/assets/js/e7d71e6c.4646f7b8.js:0
[   85144ms] ChunkLoadError: Loading chunk 7179 failed.
(error: http://localhost:3333/assets/js/e7d71e6c.4646f7b8.js)
    at t.f.j (http://localhost:3333/assets/js/runtime~main.579c30ab.js:1:11888)
    at http://localhost:3333/assets/js/runtime~main.579c30ab.js:1:1237
    at Array.reduce (<anonymous>)
    at t.e (http://localhost:3333/assets/js/runtime~main.579c30ab.js:1:1216)
    at i.e7d71e6c (http://localhost:3333/assets/js/main.523aa1de.js:2:456004)
    at d (http://localhost:3333/assets/js/main.523aa1de.js:2:308719)
    at http://localhost:3333/assets/js/main.523aa1de.js:2:308989
    at Array.forEach (<anonymous>)
    at p (http://localhost:3333/assets/js/main.523aa1de.js:2:308963)
    at h (http://localhost:3333/assets/js/main.523aa1de.js:2:309599)
[   85178ms] [ERROR] Failed to load resource: the server responded with a status of 404 (Not Found) @ http://localhost:3333/assets/js/eeaddb8a.32411d33.js:0
[   85193ms] ChunkLoadError: Loading chunk 2809 failed.
(error: http://localhost:3333/assets/js/eeaddb8a.32411d33.js)
    at t.f.j (http://localhost:3333/assets/js/runtime~main.579c30ab.js:1:11888)
    at http://localhost:3333/assets/js/runtime~main.579c30ab.js:1:1237
    at Array.reduce (<anonymous>)
    at t.e (http://localhost:3333/assets/js/runtime~main.579c30ab.js:1:1216)
    at i.eeaddb8a (http://localhost:3333/assets/js/main.523aa1de.js:2:456380)
    at d (http://localhost:3333/assets/js/main.523aa1de.js:2:308719)
    at http://localhost:3333/assets/js/main.523aa1de.js:2:308989
    at Array.forEach (<anonymous>)
    at p (http://localhost:3333/assets/js/main.523aa1de.js:2:308963)
    at h (http://localhost:3333/assets/js/main.523aa1de.js:2:309599)
[   85209ms] [ERROR] Failed to load resource: the server responded with a status of 404 (Not Found) @ http://localhost:3333/assets/js/1151dabd.6c657a56.js:0
[   85215ms] ChunkLoadError: Loading chunk 6584 failed.
(error: http://localhost:3333/assets/js/1151dabd.6c657a56.js)
    at t.f.j (http://localhost:3333/assets/js/runtime~main.579c30ab.js:1:11888)
    at http://localhost:3333/assets/js/runtime~main.579c30ab.js:1:1237
    at Array.reduce (<anonymous>)
    at t.e (http://localhost:3333/assets/js/runtime~main.579c30ab.js:1:1216)
    at i.1151dabd (http://localhost:3333/assets/js/main.523aa1de.js:2:436962)
    at d (http://localhost:3333/assets/js/main.523aa1de.js:2:308719)
    at http://localhost:3333/assets/js/main.523aa1de.js:2:308989
    at Array.forEach (<anonymous>)
    at p (http://localhost:3333/assets/js/main.523aa1de.js:2:308963)
    at h (http://localhost:3333/assets/js/main.523aa1de.js:2:309599)
[   85241ms] [ERROR] Failed to load resource: the server responded with a status of 404 (Not Found) @ http://localhost:3333/assets/js/7639.0fbc6212.js:0
[   85256ms] ChunkLoadError: Loading chunk 7639 failed.
(error: http://localhost:3333/assets/js/7639.0fbc6212.js)
    at t.f.j (http://localhost:3333/assets/js/runtime~main.579c30ab.js:1:11888)
    at http://localhost:3333/assets/js/runtime~main.579c30ab.js:1:1237
    at Array.reduce (<anonymous>)
    at t.e (http://localhost:3333/assets/js/runtime~main.579c30ab.js:1:1216)
    at i.17896441 (http://localhost:3333/assets/js/main.523aa1de.js:2:437769)
    at d (http://localhost:3333/assets/js/main.523aa1de.js:2:308719)
    at http://localhost:3333/assets/js/main.523aa1de.js:2:308989
    at Array.forEach (<anonymous>)
    at p (http://localhost:3333/assets/js/main.523aa1de.js:2:308963)
    at h (http://localhost:3333/assets/js/main.523aa1de.js:2:309599)
[   85244ms] [ERROR] Failed to load resource: the server responded with a status of 404 (Not Found) @ http://localhost:3333/assets/js/bdfb5b9b.77d9ebb9.js:0
[   85244ms] [ERROR] Failed to load resource: the server responded with a status of 404 (Not Found) @ http://localhost:3333/assets/js/17896441.ca63c5b5.js:0
